<?xml version="1.0" encoding="UTF-8"?>
<!-- Generated by org.testng.reporters.JUnitReportReporter -->
<testsuite hostname="DESKTOP-095PV9A" failures="1" tests="1" name="runners.AddingRemovingProductRunner" time="40.845" errors="0" timestamp="2024-12-25T14:25:11 IST" skipped="0">
  <testcase classname="runners.AddingRemovingProductRunner" name="runScenario" time="40.845">
    <failure message="The price of the products is not equal to the total price expected [true] but found [false]" type="java.lang.AssertionError">
      <![CDATA[java.lang.AssertionError: The price of the products is not equal to the total price expected [true] but found [false]
at org.testng.Assert.fail(Assert.java:111)
at org.testng.Assert.failNotEquals(Assert.java:1578)
at org.testng.Assert.assertTrue(Assert.java:57)
at stepDefinitions.AddingAndRemovingSteps.controlOfProductPriceAndTotalPrice(AddingAndRemovingSteps.java:160)
at âœ½.Control of Product Price and Total Price(file:///E:/Assignment-1/TestRepo/src/test/java/featureFiles/AddingAndRemovingProductsToCart.feature:16)
]]>
    </failure>
  </testcase> <!-- runScenario -->
</testsuite> <!-- runners.AddingRemovingProductRunner -->
